ISim log file
Running: C:\Users\yang\Desktop\ForJiZu\P6\P6_test_isim_beh.exe -intstyle ise -gui -tclbatch isim.cmd -wdb C:/Users/yang/Desktop/ForJiZu/P6/P6_test_isim_beh.wdb 
ISim P.20131013 (signature 0x7708f090)
WARNING: A WEBPACK license was found.
WARNING: Please use Xilinx License Configuration Manager to check out a full ISim license.
WARNING: ISim will run in Lite mode. Please refer to the ISim documentation for more information on the differences between the Lite and the Full version.
This is a Lite version of ISim.
Time resolution is 1 ps
# onerror resume
# wave add /
# run 1000 ns
Simulator is doing circuit initialization process.
Finished circuit initialization process.
                  55@00003000: $28 <= 00000000
                  65@00003004: $29 <= 00000000
                  75@00003008: $ 1 <= 1da30000
                  85@0000300c: $ 0 <= 1da3a2d8
                  95@00003010: $ 1 <= 36f90000
                 105@00003014: $ 1 <= 36f9b9cb
                 115@00003018: $ 1 <= 03330000
                 125@0000301c: $ 2 <= 0333f692
                 135@00003020: $ 1 <= 254b0000
                 145@00003024: $ 3 <= 254b9bc1
                 155@00003028: $ 1 <= 72f40000
                 165@0000302c: $ 4 <= 72f47349
                 175@00003030: $ 1 <= 7e4e0000
                 185@00003034: $ 5 <= 7e4e189b
                 195@00003038: $ 2 <= fc9c0000
                 195@0000303c: *00000018 <= 00000000
                 215@00003040: $ 5 <= e5e8e692
                 225@00003044: $ 2 <= 254bc87f
                 235@00003048: $ 3 <= e5ebffd3
                 245@0000304c: $ 3 <= e5ec5b29
                 275@00003058: $ 1 <= cbd8b652
                 285@0000305c: $ 0 <= 4a9790fe
                 295@00003060: $ 2 <= 00000000
                 305@00003064: $ 5 <= 00000000
                 315@00003068: $ 5 <= 000071a8
                 325@0000306c: $ 5 <= 00002cf1
                 335@00003070: $ 4 <= 00002cf1
                 345@00003074: $ 1 <= 00002450
                 355@00003078: $ 2 <= 0000071d
                 365@0000307c: $ 0 <= ffffffff
                 375@00003080: $ 2 <= 00000000
                 385@00003084: $ 2 <= 000063a7
                 395@00003088: $ 1 <= 12380000
                 405@0000308c: $ 3 <= 1238d369
                 415@00003090: $ 3 <= 1238a678
                 435@00003098: $ 4 <= 00000000
                 455@000030a0: $ 4 <= edc79c58
                 465@000030a4: $ 1 <= b73b0000
                 475@000030a8: $ 3 <= b73b76b9
                 485@000030ac: $ 1 <= a54c0000
                 495@000030b0: $ 4 <= a54cba72
                 505@000030b4: $ 4 <= b73b76b9
                 515@000030b8: $ 0 <= 000066a8
                 525@000030bc: $ 1 <= 0000720c
                 535@000030c0: $ 3 <= 48c4fb53
                 545@000030c4: $ 0 <= b73b04ad
                 555@000030c8: $ 4 <= 00000001
                 565@000030cc: $ 1 <= 00000000
                 585@000030d4: $ 2 <= 000069c8
                 595@000030d8: $ 0 <= 48c57764
                 595@000030dc: *00000008 <= 00000000
                 615@000030e0: $ 1 <= 00000000
                 625@000030e4: $ 1 <= ffff9637
                 635@000030e8: $ 1 <= 00000000
                 645@000030ec: $ 5 <= 00000000
                 655@000030f0: $ 4 <= 000069c8
                 665@000030f4: $ 0 <= 48c5651b
                 665@000030f8: *00000010 <= 00000000
                 695@00003100: $ 0 <= 00009190
                 705@00003104: $ 5 <= 48c4918b
                 715@00003108: $ 5 <= b73bd83d
                 725@0000310c: $ 5 <= 00000000
                 735@00003110: $ 2 <= 00000000
                 735@00003114: *0000000c <= 00005300
                 845@00003124: $ 1 <= 36140000
                 855@00003128: $ 1 <= 36142af4
                 865@0000312c: $ 5 <= 00000000
                 875@00003130: $ 0 <= 0000d4e2
                 955@00003138: *00000020 <= 48c4fb53
                 975@0000313c: $ 4 <= 00003cda
                 985@00003140: $ 3 <= 36142af4
                 995@00003144: $ 3 <= 00000000
# restart
# run 12.00us
Simulator is doing circuit initialization process.
Finished circuit initialization process.
                  55@00003000: $28 <= 00000000
                  65@00003004: $29 <= 00000000
                  75@00003008: $ 1 <= 1da30000
                  85@0000300c: $ 0 <= 1da3a2d8
                  95@00003010: $ 1 <= 36f90000
                 105@00003014: $ 1 <= 36f9b9cb
                 115@00003018: $ 1 <= 03330000
                 125@0000301c: $ 2 <= 0333f692
                 135@00003020: $ 1 <= 254b0000
                 145@00003024: $ 3 <= 254b9bc1
                 155@00003028: $ 1 <= 72f40000
                 165@0000302c: $ 4 <= 72f47349
                 175@00003030: $ 1 <= 7e4e0000
                 185@00003034: $ 5 <= 7e4e189b
                 195@00003038: $ 2 <= fc9c0000
                 195@0000303c: *00000018 <= 00000000
                 215@00003040: $ 5 <= e5e8e692
                 225@00003044: $ 2 <= 254bc87f
                 235@00003048: $ 3 <= e5ebffd3
                 245@0000304c: $ 3 <= e5ec5b29
                 275@00003058: $ 1 <= cbd8b652
                 285@0000305c: $ 0 <= 4a9790fe
                 295@00003060: $ 2 <= 00000000
                 305@00003064: $ 5 <= 00000000
                 315@00003068: $ 5 <= 000071a8
                 325@0000306c: $ 5 <= 00002cf1
                 335@00003070: $ 4 <= 00002cf1
                 345@00003074: $ 1 <= 00002450
                 355@00003078: $ 2 <= 0000071d
                 365@0000307c: $ 0 <= ffffffff
                 375@00003080: $ 2 <= 00000000
                 385@00003084: $ 2 <= 000063a7
                 395@00003088: $ 1 <= 12380000
                 405@0000308c: $ 3 <= 1238d369
                 415@00003090: $ 3 <= 1238a678
                 435@00003098: $ 4 <= 00000000
                 455@000030a0: $ 4 <= edc79c58
                 465@000030a4: $ 1 <= b73b0000
                 475@000030a8: $ 3 <= b73b76b9
                 485@000030ac: $ 1 <= a54c0000
                 495@000030b0: $ 4 <= a54cba72
                 505@000030b4: $ 4 <= b73b76b9
                 515@000030b8: $ 0 <= 000066a8
                 525@000030bc: $ 1 <= 0000720c
                 535@000030c0: $ 3 <= 48c4fb53
                 545@000030c4: $ 0 <= b73b04ad
                 555@000030c8: $ 4 <= 00000001
                 565@000030cc: $ 1 <= 00000000
                 585@000030d4: $ 2 <= 000069c8
                 595@000030d8: $ 0 <= 48c57764
                 595@000030dc: *00000008 <= 00000000
                 615@000030e0: $ 1 <= 00000000
                 625@000030e4: $ 1 <= ffff9637
                 635@000030e8: $ 1 <= 00000000
                 645@000030ec: $ 5 <= 00000000
                 655@000030f0: $ 4 <= 000069c8
                 665@000030f4: $ 0 <= 48c5651b
                 665@000030f8: *00000010 <= 00000000
                 695@00003100: $ 0 <= 00009190
                 705@00003104: $ 5 <= 48c4918b
                 715@00003108: $ 5 <= b73bd83d
                 725@0000310c: $ 5 <= 00000000
                 735@00003110: $ 2 <= 00000000
                 735@00003114: *0000000c <= 00005300
                 845@00003124: $ 1 <= 36140000
                 855@00003128: $ 1 <= 36142af4
                 865@0000312c: $ 5 <= 00000000
                 875@00003130: $ 0 <= 0000d4e2
                 955@00003138: *00000020 <= 48c4fb53
                 975@0000313c: $ 4 <= 00003cda
                 985@00003140: $ 3 <= 36142af4
                 995@00003144: $ 3 <= 00000000
                1005@00003148: $ 5 <= 36142af4
                1015@0000314c: $ 1 <= 00005733
                1025@00003150: $ 3 <= 00000000
                1035@00003154: $ 5 <= 0000c488
                1045@00003158: $ 3 <= 00003cda
                1055@0000315c: $ 3 <= 0000c488
                1065@00003160: $ 3 <= 00005fe0
                1085@00003168: $ 4 <= 00009d38
                1095@0000316c: $ 4 <= 00000000
                1105@00003170: $ 1 <= 00005fe0
                1115@00003174: $ 2 <= ffffa020
                1125@00003178: $ 0 <= fffedb98
                1135@0000317c: $ 2 <= 0000874a
                1145@00003180: $ 1 <= 00012468
                1155@00003184: $ 3 <= ffff78b6
                1155@00003188: *00000028 <= ffff78b6
                1165@0000318c: *00000020 <= 4ac4fb53
                1185@00003194: *00000010 <= 00012468
                1195@00003198: *0000002c <= 00000000
                1215@0000319c: $ 4 <= 00001200
                1225@000031a0: $ 3 <= ffff78b6
                1235@000031a4: $ 2 <= 00010e94
                1245@000031a8: $ 0 <= 0000ffff
                1315@000031b0: $ 2 <= 00002400
                1325@000031b4: $ 2 <= 00013da2
                1335@000031b8: $ 2 <= 00013746
                1345@000031bc: $ 2 <= 00002400
                1355@000031c0: $ 3 <= 00000001
                1365@000031c4: $ 4 <= fffeff98
                1375@000031c8: $ 1 <= d9330000
                1385@000031cc: $ 0 <= d933bd3d
                1395@000031d0: $ 0 <= 00003750
                1405@000031d4: $ 1 <= 7fa20000
                1425@000031dc: $ 4 <= 00000000
                1435@000031e0: $ 3 <= 00000000
                1495@000031e8: $ 1 <= 00000000
                1515@000031f0: $ 0 <= 000089da
                1555@000031f4: $ 4 <= 000061fb
                1565@000031f8: $ 5 <= 00000000
                1575@000031fc: $ 0 <= 000061fb
                1585@00003200: $ 2 <= 00000000
                1595@00003204: $ 4 <= 00000000
                1645@00003218: $ 2 <= 00000000
                1655@0000321c: $ 5 <= 00000000
                1665@00003220: $ 3 <= 00000000
                1675@00003224: $ 5 <= 00003e09
                1685@00003228: $ 3 <= 00000001
                1705@00003230: $ 4 <= 00000001
                1705@00003234: *00000014 <= 00000000
                1725@00003238: $ 2 <= 00000000
                1735@00003240: *0000001c <= 00000000
                1755@00003244: $ 3 <= 00000001
                1765@00003248: $ 3 <= 00003e09
                1775@0000324c: $ 3 <= 00003e09
                1785@00003250: $ 0 <= 00004a8a
                1795@00003254: $ 1 <= 519d0000
                1805@00003258: $ 3 <= 519d6d9b
                1815@0000325c: $ 0 <= 000058d4
                1835@00003264: $ 3 <= ffffffff
                2025@00003270: $ 1 <= ffffffff
                2035@00003274: $ 1 <= 000081f1
                2095@0000327c: $ 2 <= 0000d829
                2165@00003284: $ 3 <= 0000d828
                2175@00003288: $ 4 <= 00000001
                2185@0000328c: $ 5 <= 00003e09
                2195@00003290: $ 0 <= 0000d82a
                2205@00003294: $ 5 <= 00000000
                2215@00003298: $ 3 <= ffff27d6
                2225@0000329c: $ 0 <= 00001eb6
                2235@000032a0: $ 0 <= 0000d829
                2245@000032a4: $ 1 <= 0000f6e8
                2255@000032a8: $ 5 <= ffff77d7
                2265@000032ac: $ 4 <= ffffffff
                2275@000032b0: $ 2 <= 00011bbd
                2285@000032b4: $ 2 <= ffffffff
                2295@000032b8: $ 1 <= 00000001
                2305@000032bc: $ 5 <= ffff508a
                2315@000032c0: $ 0 <= ffff27d6
                2325@000032c4: $ 0 <= 000004c0
                2335@000032c8: $ 2 <= ffff508b
                2355@000032d0: $ 1 <= ffff508b
                2365@000032d4: $ 0 <= 0000af75
                2465@000032d8: $ 2 <= 00000000
                2475@000032dc: $ 0 <= 000043bd
                2485@000032e0: $ 2 <= 000053f2
                2495@000032e4: $ 0 <= ffffac0d
                2505@000032e8: $ 1 <= ffff53fa
                2515@000032ec: $ 0 <= ffffd3dc
                2525@000032f0: $ 3 <= 00000000
                2535@000032f4: $ 2 <= 00000000
                2545@000032f8: $ 5 <= 0000ac05
                2565@00003300: $ 2 <= 00000001
                2585@00003308: $ 3 <= e8000000
                2605@00003310: $ 2 <= 00000000
                2615@00003314: $ 4 <= 00000000
                2625@00003318: $ 5 <= 20830000
                2675@00003320: $ 1 <= 00000000
                2685@00003324: $ 1 <= 000013af
                2695@00003328: $ 2 <= e8000000
                2705@0000332c: $ 0 <= e8000000
                2745@00003334: $ 5 <= e80022c5
                2865@0000333c: $ 1 <= 000000a4
                2875@00003340: $ 3 <= 000022e8
                2905@0000334c: $ 4 <= 00000000
                2915@00003350: $ 1 <= 57be0000
                2925@00003354: $ 5 <= 000078b6
                2935@00003358: $ 4 <= 00002970
                2955@00003360: $ 3 <= 57be22e8
                2965@00003364: $ 2 <= 57be4c58
                2975@00003368: $ 3 <= 57bea656
                2985@0000336c: $ 0 <= 000050c8
                2995@00003370: $ 3 <= 0000e6f0
                3005@00003374: $ 2 <= 0000de37
                3015@00003378: $ 1 <= 00000000
                3025@0000337c: $ 4 <= 000008b9
                3035@00003380: $ 0 <= ffff9a7f
                3045@00003384: $ 3 <= 00000000
                3055@00003388: $ 4 <= 000008b9
                3065@0000338c: $ 3 <= 00000000
                3085@00003390: $ 2 <= 00000000
                3105@00003398: $ 1 <= ffffffff
                3115@0000339c: $ 1 <= 00000000
                3125@000033a0: $ 3 <= 00000000
                3135@000033a4: $ 2 <= 00006620
                3145@000033a8: $ 2 <= 67b50000
                3155@000033ac: $ 0 <= 000078b6
                3165@000033b0: $ 3 <= 00006310
                3175@000033b4: $ 0 <= 00000033
                3185@000033b8: $ 3 <= 20e90000
                3195@000033bc: $ 2 <= 00003d11
                3205@000033c0: $ 1 <= 00000000
                3205@000033c4: *00000004 <= 000078b6
                3225@000033c8: $ 5 <= 000008b9
                3235@000033cc: $ 2 <= 20e908b9
                3245@000033d0: $ 4 <= 20e908b9
                3255@000033d4: $ 2 <= 00003d0c
                3275@000033dc: $ 3 <= 00000000
                3295@000033e4: $ 5 <= 00006c5c
                3305@000033e8: $ 4 <= 00007265
                3315@000033ec: $ 1 <= ffffc2f4
                3325@000033f0: $ 4 <= 00003d0c
                3335@000033f4: $ 1 <= 620a0000
                3345@000033f8: $ 2 <= 620a7859
                3355@000033fc: $ 5 <= 000089e1
                3365@00003400: $ 1 <= 00000008
                3375@00003404: $ 5 <= 620a7859
                3415@0000340c: $ 5 <= 00000000
                3435@00003410: $ 5 <= 00000000
                3445@00003414: $ 4 <= 00007ba1
                3455@00003418: $ 3 <= 620a7859
                3465@0000341c: $ 2 <= 00000053
                3475@00003420: $ 3 <= ffffffb6
                3485@00003424: $ 5 <= 08da0000
                3495@00003428: $ 1 <= 0000ea19
                3505@0000342c: $ 1 <= 00000000
                3515@00003430: $ 5 <= 0000004a
                3525@00003434: $ 2 <= 00000000
                3545@0000343c: $ 3 <= 00000000
                3555@00003440: $ 3 <= 00007ba1
                3565@00003444: $ 5 <= 00000000
                3665@0000344c: $ 2 <= 00000000
                3685@00003450: $ 5 <= 00000001
                3695@00003454: $ 2 <= 000052a0
                3715@0000345c: $ 4 <= ffff845e
                3725@00003460: $ 2 <= 00000000
                3735@00003464: $ 4 <= 00001281
                3745@00003468: $ 5 <= 00002668
                3755@0000346c: $ 3 <= 00000000
                3765@00003470: $ 4 <= 00000001
                3775@00003474: $ 4 <= 00000001
                3785@00003478: $ 0 <= 00002393
                3795@0000347c: $ 5 <= ffffffff
                3805@00003480: $ 5 <= 000078b6
                3815@00003484: $ 2 <= 0000600f
                3825@00003488: $ 4 <= 000078b6
                3835@0000348c: $ 3 <= 00000000
                3855@00003494: $ 3 <= 0000600f
                3865@00003498: $ 1 <= ded00000
                3875@0000349c: $ 2 <= ded04c64
                3885@000034a0: $ 3 <= ded00f56
                3895@000034a4: $ 2 <= 00000000
                3905@000034a8: $ 3 <= 00000000
                3925@000034ac: $ 0 <= 21300000
                3955@000034b8: $ 5 <= 2d800000
                3965@000034bc: $ 5 <= 2d800000
                3975@000034c0: $ 1 <= 00000000
                3995@000034c8: $ 0 <= 0000d5be
                4005@000034cc: $ 2 <= 00000000
                4025@000034d0: $ 5 <= 00000000
                4035@000034d4: $ 0 <= 0000f16c
                4035@000034d8: *00000004 <= 000078b6
                4135@000034e4: $ 3 <= 00005300
                4145@000034e8: $ 5 <= 00000000
                4165@000034f0: $ 2 <= 00002a5f
                4165@000034f4: *00000018 <= 5f000000
                4185@000034f8: $ 1 <= 00004609
                4195@000034fc: $ 3 <= 00000000
                4205@00003500: $ 1 <= 00001baa
                4225@00003508: $ 5 <= 000094b5
                4235@0000350c: $ 4 <= ffff86f5
                4245@00003510: $ 3 <= 00000000
                4255@00003514: $ 4 <= 000021a1
                4255@00003518: *00000020 <= 4ac4fb00
                4285@0000351c: $ 5 <= 07034f41
                4285@00003520: *00000028 <= 2a5f78b6
                4315@00003528: $ 4 <= 07033768
                4315@0000352c: *00000018 <= 00001baa
                4345@00003534: $ 1 <= 00000006
                4355@00003538: $ 5 <= 00000001
                4365@0000353c: $ 1 <= 00005884
                4375@00003540: $ 5 <= 07034f41
                4385@00003544: $ 4 <= 00002a99
                4405@0000354c: $ 3 <= ffffd567
                4415@00003550: $ 5 <= fffff376
                4435@00003558: $ 5 <= 00000000
                4445@0000355c: $ 2 <= 0000515f
                4455@00003560: $ 1 <= 0000a52f
                4465@00003564: $ 5 <= 00000000
                4475@00003568: $ 5 <= 0000a52f
                4485@0000356c: $ 0 <= 0000f68e
                4495@00003570: $ 1 <= f65b0000
                4505@00003574: $ 0 <= f65b04ad
                4515@00003578: $ 5 <= 00000000
                4545@00003580: $ 2 <= 00000001
                4615@00003588: $ 0 <= 00002a99
                4625@0000358c: $ 3 <= 00012468
                4635@00003590: $ 2 <= 00000000
                4645@00003594: $ 2 <= 00012ef9
                4655@00003598: $ 1 <= aa840000
                4665@0000359c: $ 1 <= aa848863
                4675@000035a0: $ 2 <= 00014d24
                4815@000035ac: $ 5 <= 00012468
                4825@000035b0: $ 3 <= 000248d0
                4835@000035b4: $ 2 <= aa86d133
                4845@000035b8: $ 4 <= 00000040
                4935@000035c0: $ 4 <= 00003d71
                4945@000035c4: $ 0 <= aa86d65b
                4955@000035c8: $ 0 <= 1550910c
                4965@000035cc: $ 5 <= 0002aade
                4975@000035d0: $ 3 <= 000026aa
                4985@000035d4: $ 4 <= aa842655
                4995@000035d8: $ 0 <= aa842655
                5005@000035dc: $ 1 <= 0aab7800
                5025@000035e4: $ 1 <= 00004d54
                5035@000035e8: $ 2 <= 00004d54
                5055@000035f0: $ 0 <= 00003ad6
                5065@000035f4: $ 2 <= 00000001
                5075@000035f8: $ 3 <= 00002254
                5085@000035fc: $ 2 <= 00000001
                5095@00003600: $ 4 <= 000041c9
                5095@00003604: *00000004 <= 000078de
                5115@00003608: $ 3 <= 000044a8
                5125@0000360c: $ 1 <= 0002ef86
                5145@00003614: $ 2 <= 0002ee76
                5165@0000361c: $ 3 <= 00059a64
                5205@00003624: *00000000 <= 00000000
                5225@00003628: $ 5 <= 0002ef6b
                5235@0000362c: $ 0 <= 00059e7a
                5245@00003630: $ 1 <= 000000f5
                5255@00003634: $ 3 <= 0002f345
                5265@00003638: $ 5 <= 00033134
                5275@0000363c: $ 3 <= 00033134
                5285@00003640: $ 3 <= 00000000
                5295@00003644: $ 0 <= ffffbf2c
                5305@00003648: $ 4 <= 00000000
                5325@00003650: $ 3 <= 0002ee76
                5335@00003654: $ 5 <= 0002ee76
                5345@00003658: $ 2 <= 0002ee76
                5355@0000365c: $ 5 <= 0002ee76
                5435@00003664: *00000024 <= ee760000
                5555@00003668: $ 4 <= 00000310
                5565@0000366c: $ 5 <= 0002eb66
                5565@00003670: *0000002c <= 0000eb66
                5585@00003674: $ 0 <= 0002f8be
                5595@00003678: $ 4 <= 3cb10000
                5605@0000367c: $ 1 <= 00000000
                5615@00003680: $ 4 <= 00000310
                5625@00003684: $ 1 <= 0002eb66
                5635@00003688: $ 4 <= c4000000
                5645@0000368c: $ 2 <= 0005dcec
                5655@00003690: $ 2 <= ffffff10
                5665@00003694: $ 4 <= 000078b6
                5675@00003698: $ 2 <= 0000672a
                5685@0000369c: $ 2 <= 00000510
                5695@000036a0: $ 2 <= 00000425
                5705@000036a4: $ 1 <= 0000fb00
                5715@000036a8: $ 3 <= 0002ea66
                5725@000036ac: $ 3 <= 00001b00
                5735@000036b0: $ 4 <= ffff7db6
                5745@000036b4: $ 3 <= 00001f25
                5755@000036b8: $ 4 <= 00004c0f
                5765@000036bc: $ 0 <= 00004c0f
                5775@000036c0: $ 1 <= 000078de
                5785@000036c4: $ 1 <= 000000f9
                5795@000036c8: $ 5 <= 0002eb66
                5805@000036cc: $ 5 <= 00001f25
                5815@000036d0: $ 4 <= 0000234a
                5825@000036d4: $ 5 <= 00000425
                5835@000036d8: $ 1 <= 0000234a
                5845@000036dc: $ 3 <= ffffe0db
                5865@000036e4: $ 2 <= 00000001
                5875@000036e8: $ 0 <= ffffe0db
                5885@000036ec: $ 3 <= 00000001
                5895@000036f0: $ 3 <= 0000234a
                5905@000036f4: $ 1 <= 0000276f
                5915@000036f8: $ 2 <= 0000236e
                5925@000036fc: $ 2 <= 00003b66
                5935@00003700: $ 0 <= 00000001
                5945@00003704: $ 0 <= 00008fc5
                5955@00003708: $ 1 <= 00000221
                5965@0000370c: $ 5 <= 000047bc
                5975@00003710: $ 4 <= 00000001
                5995@00003714: $ 5 <= ffffffff
                6015@0000371c: $ 4 <= 00000000
                6025@00003720: $ 3 <= 00000220
                6035@00003724: $ 4 <= 00000000
                6045@00003728: $ 2 <= ffffc498
                6055@0000372c: $ 0 <= 00000220
                6065@00003730: $ 0 <= ffffffff
                6075@00003734: $ 5 <= 00000000
                6095@0000373c: $ 3 <= fffffdde
                6105@00003740: $ 4 <= 00000000
                6115@00003744: $ 3 <= 00000000
                6125@00003748: $ 3 <= 00000220
                6135@0000374c: $ 1 <= eba00000
                6145@00003750: $ 0 <= eba0b20b
                6155@00003754: $ 2 <= ffffc498
                6165@00003758: $ 1 <= 14600000
                6175@0000375c: $ 4 <= 00003b68
                6185@00003760: $ 1 <= 00003d88
                6205@00003768: $ 5 <= 00000000
                6205@0000376c: *00000004 <= 000078de
                6225@00003770: $ 0 <= 00000220
                6235@00003774: $ 0 <= 00007053
                6245@00003778: $ 4 <= 00000001
                6255@0000377c: $ 1 <= 000070ec
                6265@00003780: $ 0 <= 0000ee76
                6285@00003788: $ 4 <= 00000000
                6305@0000378c: $ 5 <= ffff8f13
                6325@00003794: $ 5 <= 00000001
                6325@00003798: *00000014 <= 01000000
                6345@0000379c: $ 5 <= 000070ec
                6355@000037a0: $ 1 <= 0000730c
                6395@000037a8: $ 2 <= 00000001
                6405@000037ac: $ 1 <= 00000001
                6415@000037b0: $ 4 <= 0000488c
                6425@000037b4: $ 5 <= 00000b6c
                6435@000037b8: $ 0 <= 00005b67
                6445@000037bc: $ 0 <= 0000094c
                6455@000037c0: $ 0 <= 00000001
                6505@000037c8: *00000010 <= 01012468
                6525@000037cc: $ 0 <= 1e120000
                6635@000037d4: $ 1 <= 00007402
                6645@000037d8: $ 1 <= 02230000
                6655@000037dc: $ 3 <= 00007eb3
                6665@000037e0: $ 5 <= 0e5c0000
                6675@000037e4: $ 4 <= 0000488c
                6685@000037e8: $ 5 <= 0e5b814d
                6685@000037ec: *00000030 <= 00000001
                6705@000037f0: $ 2 <= 0223742d
                6725@000037f8: $ 5 <= 00000076
                6745@00003800: $ 1 <= 03b00000
                6755@00003804: $ 1 <= 000071ab
                6765@00003808: $ 5 <= 0000c73f
                6775@0000380c: $ 0 <= 00002caf
                6785@00003810: $ 2 <= 0223ba7c
                6795@00003814: $ 3 <= 02242c27
                6805@00003818: $ 3 <= 00000000
                6815@0000381c: $ 2 <= 000080eb
                6825@00003820: $ 1 <= 0000488c
                6825@00003824: *00000020 <= 00000000
                6845@00003828: $ 0 <= 00008b53
                6855@0000382c: $ 3 <= 0000c977
                6865@00003830: $ 4 <= ffffc7a1
                6875@00003834: $ 1 <= 000080eb
                6885@00003838: $ 5 <= 80000000
                6895@0000383c: $ 5 <= 00000000
                6905@00003840: $ 2 <= 0000c977
                6995@0000384c: $ 2 <= fffefe2a
                7015@00003854: $ 4 <= 00003ad9
                7025@00003858: $ 4 <= 0000a7fa
                7035@0000385c: $ 0 <= 00000930
                7045@00003860: $ 5 <= ffffde83
                7055@00003864: $ 3 <= 0000a7fa
                7055@00003868: *00000000 <= 0000fe2a
                7075@0000386c: $ 0 <= 0000efbd
                7095@00003874: $ 3 <= 00000000
                7105@00003878: $ 4 <= 00000000
                7115@0000387c: $ 4 <= fffefe2a
                7135@00003884: $ 2 <= 00000000
                7155@0000388c: $ 2 <= fffedcad
                7165@00003890: $ 5 <= 00007d19
                7175@00003894: $ 4 <= 0000fe04
                7185@00003898: $ 2 <= 0fffedca
                7195@000038a0: *00000008 <= 000080eb
                7215@000038a4: $ 1 <= 00000001
                7225@000038a8: $ 3 <= 00000001
                7235@000038ac: $ 3 <= 0000ca2b
                7245@000038b0: $ 0 <= ffffffff
                7255@000038b4: $ 1 <= 00010850
                7265@000038b8: $ 4 <= 00000fff
                7275@000038bc: $ 1 <= 00000001
                7295@000038c4: $ 1 <= 89a50000
                7305@000038c8: $ 2 <= 89a5325a
                7315@000038cc: $ 1 <= 00000000
                7325@000038d0: $ 4 <= 0000fa32
                7325@000038d4: *00000028 <= 2a5a78b6
                7345@000038d8: $ 0 <= 79200000
                7355@000038dc: $ 0 <= 0000fa32
                7365@000038e0: $ 1 <= ffff82e6
                7375@000038e4: $ 4 <= 00019456
                7385@000038e8: $ 4 <= 00002aca
                7395@000038ec: $ 3 <= 000116d1
                7405@000038f0: $ 3 <= 00000001
                7415@000038f4: $ 1 <= 00000000
                7425@000038f8: $ 3 <= 00000000
                7435@000038fc: $ 0 <= 000078de
                7445@00003900: $ 1 <= 0000001f
                7455@00003904: $ 5 <= 0000001a
                7465@00003908: $ 2 <= 00006600
                7475@0000390c: $ 4 <= ffffd536
                7485@00003910: $ 5 <= fffffffb
                7495@00003914: $ 0 <= 0000a142
                7505@00003918: $ 2 <= 000078de
                7515@0000391c: $ 1 <= 00000000
                7525@00003920: $ 2 <= 00005300
                7535@00003924: $ 3 <= 00005033
                7545@00003928: $ 2 <= 00000001
                7555@0000392c: $ 1 <= 00004010
                7565@00003930: $ 0 <= 0000615b
                7575@00003934: $ 4 <= 00000e46
                7575@00003938: *00000018 <= 00000000
                7595@0000393c: $ 5 <= 000032b3
                7605@00003940: $ 2 <= 000040f9
                7615@00003944: $ 4 <= 00002212
                7625@00003948: $ 0 <= 000028bf
                7625@0000394c: *00000008 <= 00004010
                7645@00003950: $ 3 <= 00000000
                7655@00003954: $ 0 <= ffffbfef
                7665@00003958: $ 5 <= 00000000
                7685@0000395c: $ 4 <= 00000000
                7695@00003960: $ 2 <= 00007347
                7705@00003964: $ 2 <= 00000000
                7715@00003968: $ 1 <= 0000535c
                7725@0000396c: $ 5 <= 00000000
                7735@00003970: $ 1 <= 00000000
                7745@00003974: $ 3 <= 00000493
                7755@00003978: $ 5 <= 00000000
                7765@0000397c: $ 2 <= 00000000
                7775@00003980: $ 1 <= 00000000
                7785@00003984: $ 4 <= 00000000
                7795@00003988: $ 3 <= 00000000
                7805@0000398c: $ 3 <= 00000000
                7815@00003990: $ 4 <= 00000000
                7825@00003994: $ 2 <= 00000000
                7835@00003998: $ 0 <= 0000329f
                7855@000039a0: $ 2 <= 00004741
                7865@000039a4: $ 3 <= 00000000
                7875@000039a8: $ 2 <= 00000000
                7885@000039ac: $ 5 <= 00000000
                7915@000039b8: $ 1 <= 00000000
                7925@000039bc: $ 3 <= 00000000
                7935@000039c0: $ 2 <= 00000000
                7945@000039c4: $ 4 <= 00000766
                7955@000039c8: $ 5 <= 0000002a
                7975@000039d0: $ 5 <= 00004774
                7985@000039d4: $ 1 <= 00000fff
                7995@000039d8: $ 2 <= 00000000
                8005@000039dc: $ 4 <= 00006188
                8015@000039e0: $ 2 <= 000030df
                8105@000039ec: $ 2 <= 00000000
                8105@000039f0: *0000000c <= 00004774
                8125@000039f4: $ 0 <= 00000001
                8135@000039f8: $ 1 <= 6bf60000
                8145@000039fc: $ 5 <= 00001a14
                8155@00003a00: $ 5 <= 6bf60000
                8165@00003a04: $ 0 <= 6bf60000
                8175@00003a08: $ 5 <= 00000000
                8195@00003a10: $ 1 <= 00006188
                8205@00003a14: $ 1 <= 00000000
                8205@00003a18: *00000004 <= 000000de
                8225@00003a1c: $ 2 <= 00000d2b
                8235@00003a20: $ 5 <= 00000000
                8245@00003a24: $ 1 <= 00000000
                8255@00003a28: $ 3 <= 00002d57
                8265@00003a2c: $ 1 <= 00002d57
                8275@00003a30: $ 4 <= ffffd2a8
                8285@00003a34: $ 4 <= 09546241
                8295@00003a38: $ 4 <= 00000000
                8325@00003a40: $ 2 <= ffffd2a9
                8335@00003a44: $ 4 <= 00000000
                8345@00003a48: $ 2 <= 00000000
                8355@00003a4c: $ 0 <= 00006d69
                8365@00003a50: $ 1 <= 00000000
                8375@00003a54: $ 5 <= 00002d57
                8395@00003a5c: $ 5 <= 00000000
                8405@00003a60: $ 3 <= 00000000
                8415@00003a64: $ 5 <= 000064d7
                8415@00003a68: *00000020 <= 000064d7
                8445@00003a70: $ 1 <= 0000026d
                8445@00003a74: *00000014 <= 01000000
                8465@00003a78: $ 5 <= 00000000
                8475@00003a7c: $ 3 <= 0000538d
                8475@00003a80: *00000000 <= 00000000
                8495@00003a84: $ 0 <= 000024ca
                8505@00003a88: $ 4 <= 00000000
                8515@00003a8c: $ 5 <= 00000000
                8515@00003a90: *0000001c <= 0000026d
                8535@00003a94: $ 3 <= 00000000
                8545@00003a98: $ 3 <= 00000000
                8555@00003a9c: $ 4 <= 000004da
                8565@00003aa0: $ 3 <= 00000000
                8575@00003aa4: $ 2 <= 0000132f
                8585@00003aa8: $ 0 <= 3f450000
                8595@00003aac: $ 0 <= 000000de
                8595@00003ab0: *00000024 <= da760000
                8615@00003ab4: $ 4 <= 00000000
                8625@00003ab8: $ 1 <= 00000000
                8635@00003abc: $ 4 <= 00000000
                8655@00003ac4: $ 3 <= 00000000
                8665@00003ac8: $ 2 <= 00000000
                8675@00003acc: $ 5 <= 00000000
                8685@00003ad0: $ 3 <= 00000000
                8695@00003ad4: $ 1 <= 00000000
                8705@00003ad8: $ 1 <= 00000000
                8715@00003adc: $ 0 <= 4da00000
                8725@00003ae0: $ 4 <= 000025bd
                8735@00003ae4: $ 4 <= 000025bd
                8745@00003ae8: $ 4 <= 0000748d
                8755@00003aec: $ 4 <= 61bb0000
                8765@00003af0: $ 3 <= 00000000
                8775@00003af4: $ 1 <= 00000000
                8785@00003af8: $ 3 <= 00000000
                8795@00003afc: $ 1 <= 00003af6
                8815@00003b04: $ 2 <= 00003af6
                8825@00003b08: $ 3 <= 00003af6
                9035@00003b18: $ 2 <= 00003af6
                9045@00003b1c: $ 2 <= 00000000
                9055@00003b20: $ 2 <= 00003af6
                9065@00003b24: $ 4 <= 00003af6
                9155@00003b2c: $ 1 <= 000075ec
                9165@00003b30: $ 1 <= 00003af6
                9175@00003b34: $ 0 <= 00003af6
                9185@00003b38: $ 2 <= 00000000
                9195@00003b3c: $ 2 <= 000066ce
                9215@00003b48: *00000004 <= 0000f6de
                9235@00003b4c: $ 5 <= 00002a5a
                9245@00003b50: $ 2 <= 00000000
                9255@00003b54: $ 2 <= 00000000
                9265@00003b58: $ 2 <= 00000000
                9275@00003b5c: $ 2 <= 00006550
                9295@00003b64: $ 0 <= 000046c0
                9305@00003b68: $ 2 <= 00004364
                9395@00003b74: $ 0 <= 00006b7e
                9405@00003b78: $ 3 <= 000075ec
                9415@00003b7c: $ 4 <= 00000000
                9435@00003b80: $ 1 <= 00001405
                9445@00003b84: $ 2 <= 00000000
                9455@00003b88: $ 3 <= 00001f0f
                9465@00003b8c: $ 3 <= 00000000
                9475@00003b90: $ 1 <= 00002a5a
                9485@00003b94: $ 0 <= 00000040
                9515@00003b9c: $ 0 <= 00002a5a
                9525@00003ba0: $ 2 <= 00004bed
                9625@00003ba4: $ 2 <= xxxxxxxx
                9635@00003ba8: $ 5 <= 00007264
                9645@00003bac: $ 1 <= 000006ee
                9665@00003bb4: $ 5 <= fffff911
                9675@00003bb8: $ 3 <= 0000XXXX
                9695@00003bc0: $ 4 <= xxxxxxxx
                9705@00003bc4: $ 4 <= 00004900
                9715@00003bc8: $ 1 <= xxxxxxxx
                9725@00003bcc: $ 3 <= xxxxxxxx
                9735@00003bd0: $ 3 <= 00004900
                9755@00003bd8: $ 5 <= 00005177
                9765@00003bdc: $ 0 <= 0000ce7b
                9775@00003be0: $ 4 <= xxxxxxxx
                9785@00003be4: $ 1 <= xxxxxxxx
                9795@00003be8: $ 2 <= 00005177
                9805@00003bec: $ 2 <= xxxxxxxx
                9825@00003bf4: $ 4 <= xxxxxxxx
                9855@00003c00: $ 1 <= xxxxXXxx
                9865@00003c04: $ 4 <= xxxxxxxx
                9875@00003c08: $ 2 <= xxxxxxxx
                9885@00003c0c: $ 5 <= 0000c52d
                9895@00003c10: $ 2 <= xxxxxxxx
                9905@00003c14: $ 2 <= 48cb0000
                9925@00003c1c: $ 2 <= xxxxxxxx
                9935@00003c20: $ 1 <= xxxxxxxx
                9945@00003c24: $ 1 <= xxxxxxxx
                9955@00003c28: $ 1 <= 00013f5f
                9965@00003c2c: $ 5 <= 00006b6d
                9965@00003c30: *00000020 <= xx0064d7
                9985@00003c34: $ 4 <= xxxxxxxx
               10005@00003c3c: $ 5 <= xxxxxxxx
               10025@00003c44: $ 1 <= xxxxxxxx
               10055@00003c50: $ 3 <= 00006737
               10065@00003c54: $ 2 <= xxxxxxxx
               10075@00003c58: $ 4 <= 0000ce6e
               10085@00003c5c: $ 1 <= xxxxxxxx
               10095@00003c60: $ 3 <= 00000000
               10105@00003c64: $ 5 <= 00000000
               10115@00003c68: $ 2 <= 00002d0f
               10125@00003c6c: $ 1 <= 00000000
               10135@00003c70: $ 2 <= 00000000
               10145@00003c74: $ 3 <= 00000000
               10155@00003c78: $ 3 <= 00000000
               10165@00003c7c: $ 3 <= 00019cdc
               10175@00003c80: $ 3 <= 0000006d
               10195@00003c88: $ 1 <= 0000497f
               10215@00003c90: $ 1 <= ffffb681
               10225@00003c94: $ 3 <= 00000000
               10225@00003c98: *00000010 <= 01012400
               10245@00003c9c: $ 4 <= 00000000
               10255@00003ca0: $ 2 <= 00000000
               10255@00003ca4: *0000000c <= 00004774
               10275@00003ca8: $ 4 <= 00000000
               10285@00003cac: $ 4 <= 0000497f
               10295@00003cb0: $ 0 <= ffffb680
               10305@00003cb4: $ 3 <= 00000000
               10315@00003cb8: $ 5 <= 0000497f
               10325@00003cbc: $ 1 <= 0000483a
               10335@00003cc0: $ 4 <= 00004808
               10345@00003cc4: $ 2 <= 00000000
               10365@00003ccc: $ 0 <= ffffb7c6
               10375@00003cd0: $ 2 <= ffffb7f8
               10385@00003cd4: $ 2 <= 00000000
               10405@00003cd8: $ 1 <= 000034a7
               10415@00003cdc: $ 2 <= 00000000
               10425@00003ce0: $ 1 <= bde20000
               10435@00003ce4: $ 0 <= bde2bd08
               10445@00003ce8: $ 1 <= ffffb7f8
               10485@00003cf0: $ 0 <= 0000253f
               10495@00003cf4: $ 1 <= 00000001
               10515@00003cfc: $ 0 <= ffffb681
               10525@00003d00: $ 2 <= 00000002
               10535@00003d04: $ 4 <= ffffb7f8
               10545@00003d0c: *00000004 <= 0000f6de
               10585@00003d18: $ 1 <= ffff6ff0
               10595@00003d1c: $ 2 <= ffff8973
               10605@00003d20: $ 2 <= ffff8973
               10615@00003d24: $ 0 <= ffff8973
               10655@00003d2c: $ 3 <= 00000000
               10665@00003d30: $ 3 <= fffef963
               10675@00003d34: $ 2 <= 00004808
               10675@00003d38: *00000020 <= 080064d7
               10705@00003d40: $ 1 <= 00000842
               10715@00003d44: $ 2 <= 00000000
               10725@00003d48: $ 2 <= 0000724d
               10735@00003d4c: $ 5 <= 00001149
               10745@00003d50: $ 3 <= 0000be95
               10755@00003d54: $ 3 <= 00006a0b
               10775@00003d5c: $ 2 <= 00000000
               10785@00003d60: $ 5 <= 0000b213
               10815@00003d64: $ 3 <= 00000000
               10825@00003d68: $ 3 <= 0000b213
               10835@00003d6c: $ 2 <= 00010c0b
               10845@00003d70: $ 2 <= 000164dd
               10855@00003d74: $ 2 <= 00006a0b
               10865@00003d78: $ 1 <= 0000e126
               10875@00003d7c: $ 2 <= 00008423
               10885@00003d80: $ 2 <= 0000b213
               10895@00003d84: $ 3 <= 0000b213
               10905@00003d88: $ 4 <= 00000000
               10915@00003d8c: $ 2 <= ffff1ed9
               10925@00003d90: $ 4 <= 00001fff
               10935@00003d94: $ 5 <= 00000384
               10945@00003d98: $ 3 <= 00000000
               10955@00003d9c: $ 0 <= 00001ed9
               10965@00003da0: $ 0 <= 000034c8
               10975@00003da4: $ 3 <= 00006abc
               10975@00003da8: *00000020 <= 00000000
               11005@00003db0: $ 3 <= 00001c7b
               11125@00003db8: $ 2 <= 00002104
               11135@00003dbc: $ 2 <= 0000488d
               11145@00003dc0: $ 5 <= 00000001
               11155@00003dc4: $ 2 <= 00000001
               11165@00003dc8: $ 2 <= 000022c8
               11195@00003dd0: $ 5 <= 00006562
               11205@00003dd4: $ 2 <= 000002c9
               11215@00003dd8: $ 4 <= 00000000
               11235@00003ddc: $ 3 <= 00004bad
               11245@00003de0: $ 5 <= 00000000
               11255@00003de4: $ 5 <= 00012354
               11265@00003de8: $ 0 <= 00001c7b
               11285@00003df0: $ 1 <= 00007537
               11295@00003df4: $ 3 <= 00000000
               11305@00003df8: $ 3 <= 00000000
               11365@00003e04: $ 3 <= 00000000
               11485@00003e0c: $ 3 <= 00000000
               11605@00003e14: $ 3 <= 00000000
               11615@00003e18: $ 4 <= 00004774
               11625@00003e1c: $ 1 <= xxxxxxxx
               11635@00003e20: $ 1 <= 00000001
               11645@00003e24: $ 5 <= 00000000
               11655@00003e28: $ 1 <= 000002c9
               11675@00003e30: $ 2 <= 00005c41
               11685@00003e34: $ 4 <= 00005c41
               11695@00003e38: $ 5 <= 00000001
               11705@00003e3c: $ 5 <= 00005c41
               11715@00003e40: $ 4 <= 00005041
               11725@00003e44: $ 5 <= 00005c41
               11735@00003e48: $ 1 <= 00000000
               11755@00003e50: $ 1 <= 00000000
               11765@00003e54: $ 2 <= ffffa3bf
               11775@00003e58: $ 3 <= 0000f6de
               11785@00003e5c: $ 5 <= 00000000
               11795@00003e60: $ 0 <= 000028e5
               11805@00003e64: $ 0 <= 00005041
               11815@00003e68: $ 2 <= 00000001
               11825@00003e6c: $ 1 <= fe670000
               11835@00003e70: $ 1 <= fe671f44
               11845@00003e74: $ 3 <= 00000f1e
               11855@00003e78: $ 0 <= fe671026
               11865@00003e7c: $ 2 <= fe676f85
